SF:lib/data/dto/score.dart
DA:34,23
DA:35,23
DA:59,23
DA:60,23
DA:73,20
DA:74,20
DA:86,1
DA:87,1
DA:100,20
DA:101,20
LF:10
LH:10
end_of_record
SF:lib/data/dto/score.g.dart
DA:9,46
DA:10,46
DA:11,46
DA:12,23
DA:13,23
DA:14,23
DA:17,0
DA:18,0
DA:19,0
DA:20,0
DA:21,0
DA:22,0
DA:23,0
DA:26,23
DA:27,23
DA:28,23
DA:29,46
DA:30,46
DA:31,46
DA:32,46
DA:33,46
DA:34,46
DA:35,23
DA:37,46
DA:40,0
DA:41,0
DA:42,0
DA:43,0
DA:44,0
DA:45,0
DA:46,0
DA:47,0
DA:48,0
DA:49,0
DA:52,40
DA:53,20
DA:54,40
DA:55,20
DA:57,40
DA:58,20
DA:60,40
DA:63,0
DA:64,0
DA:65,0
DA:66,0
DA:67,0
DA:70,2
DA:71,1
DA:72,2
DA:73,1
DA:75,2
DA:78,0
DA:79,0
DA:80,0
DA:81,0
DA:84,40
DA:85,20
DA:86,40
DA:87,20
DA:89,40
DA:90,20
DA:92,40
DA:95,0
DA:96,0
DA:97,0
DA:98,0
DA:99,0
LF:67
LH:36
end_of_record
SF:lib/data/dto/smartphone.dart
DA:25,23
DA:26,23
DA:48,46
DA:59,23
DA:60,23
DA:72,23
DA:73,23
DA:124,23
DA:125,23
LF:9
LH:9
end_of_record
SF:lib/data/dto/smartphone.g.dart
DA:9,46
DA:10,46
DA:11,23
DA:12,46
DA:13,23
DA:14,46
DA:15,46
DA:18,0
DA:19,0
DA:20,0
DA:21,0
DA:22,0
DA:23,0
DA:24,0
DA:27,46
DA:28,23
DA:29,46
DA:30,46
DA:31,23
DA:32,23
DA:33,46
DA:36,0
DA:37,0
DA:38,0
DA:39,0
DA:40,0
DA:41,0
DA:42,0
DA:45,46
DA:46,46
DA:47,46
DA:48,46
DA:51,0
DA:52,0
DA:53,0
DA:54,0
DA:55,0
DA:58,23
DA:59,23
DA:60,23
DA:61,23
DA:62,23
DA:63,23
DA:66,0
DA:67,0
DA:68,0
DA:69,0
DA:70,0
DA:71,0
DA:74,46
DA:75,23
DA:76,23
DA:77,27
DA:78,23
DA:79,23
DA:81,46
DA:82,23
DA:84,46
DA:85,23
DA:86,46
DA:87,46
DA:89,23
DA:90,69
DA:91,23
DA:94,23
DA:95,23
DA:97,46
DA:99,23
DA:100,69
DA:101,23
DA:103,46
DA:104,46
DA:105,46
DA:106,46
DA:107,23
DA:109,46
DA:110,23
DA:111,23
DA:112,23
DA:113,23
DA:115,46
DA:116,23
DA:118,69
DA:120,23
DA:122,46
DA:123,23
DA:125,23
DA:126,46
DA:127,23
DA:129,23
DA:130,23
DA:133,0
DA:134,0
DA:135,0
DA:136,0
DA:137,0
DA:138,0
DA:139,0
DA:140,0
DA:141,0
DA:142,0
DA:143,0
DA:144,0
DA:145,0
DA:146,0
DA:147,0
DA:148,0
DA:149,0
DA:150,0
DA:151,0
DA:152,0
DA:153,0
DA:154,0
DA:155,0
DA:156,0
DA:157,0
DA:158,0
DA:159,0
DA:160,0
DA:161,0
DA:162,0
DA:163,0
LF:122
LH:66
end_of_record
SF:lib/domain/model/ranking.dart
DA:19,26
DA:24,13
DA:53,13
DA:58,13
DA:59,52
DA:60,4
DA:61,4
DA:62,2
DA:63,6
DA:67,39
DA:68,13
DA:70,13
DA:71,26
DA:74,3
DA:77,1
DA:78,13
DA:79,2
DA:80,13
DA:84,26
DA:85,13
DA:86,39
DA:87,13
DA:88,52
DA:89,52
DA:91,13
DA:92,39
DA:93,13
DA:94,13
DA:95,13
DA:96,39
DA:97,13
DA:100,26
DA:105,13
DA:111,13
DA:112,13
DA:113,2
DA:114,6
DA:116,13
DA:117,39
LF:39
LH:39
end_of_record
SF:lib/domain/model/tp_weights.dart
DA:13,5
DA:36,10
DA:38,2
DA:44,2
DA:45,1
DA:46,2
DA:47,2
DA:48,2
DA:49,2
DA:52,6
DA:53,3
DA:54,3
DA:55,3
DA:56,3
DA:57,3
DA:61,3
DA:62,3
DA:63,3
DA:64,12
DA:67,3
DA:68,6
DA:69,6
DA:70,6
DA:71,6
DA:72,6
DA:76,3
DA:78,3
DA:79,9
DA:80,9
DA:81,9
DA:82,9
DA:83,9
DA:85,0
DA:86,0
DA:88,0
DA:89,0
DA:90,0
DA:91,0
LF:38
LH:32
end_of_record
SF:lib/data/dto/brand.dart
DA:37,46
LF:1
LH:1
end_of_record
SF:lib/data/dto/brand.g.dart
DA:9,46
DA:10,23
DA:11,23
DA:12,46
DA:13,23
DA:14,24
DA:15,23
DA:16,23
DA:17,23
DA:18,23
DA:19,23
DA:21,23
DA:22,2
DA:23,1
DA:27,0
DA:28,0
DA:29,0
DA:30,0
DA:31,0
DA:32,0
DA:33,0
DA:34,0
DA:35,0
DA:36,0
DA:37,0
DA:38,0
LF:26
LH:14
end_of_record
SF:lib/data/dto/soc.dart
DA:24,20
DA:25,20
DA:60,46
LF:3
LH:3
end_of_record
SF:lib/data/dto/soc.g.dart
DA:9,40
DA:10,40
DA:11,40
DA:12,20
DA:14,20
DA:15,60
DA:16,20
DA:20,0
DA:21,0
DA:22,0
DA:23,0
DA:24,0
DA:25,0
DA:28,46
DA:29,23
DA:30,23
DA:31,46
DA:32,23
DA:34,46
DA:35,23
DA:36,46
DA:37,42
DA:38,23
DA:40,40
DA:41,23
DA:42,42
DA:43,43
DA:44,43
DA:45,23
DA:46,23
DA:48,40
DA:49,23
DA:51,23
DA:52,40
DA:53,20
DA:55,23
DA:58,0
DA:59,0
DA:60,0
DA:61,0
DA:62,0
DA:63,0
DA:64,0
DA:65,0
DA:66,0
DA:67,0
DA:68,0
DA:69,0
DA:70,0
DA:71,0
DA:72,0
DA:73,0
DA:74,0
DA:75,0
LF:54
LH:30
end_of_record
SF:lib/domain/model/tp_index.dart
DA:14,24
DA:23,23
DA:24,23
DA:25,46
DA:26,23
DA:29,69
DA:30,69
DA:31,69
DA:32,69
DA:33,69
DA:35,23
DA:36,46
DA:42,20
DA:43,20
DA:44,20
DA:45,20
DA:46,20
DA:47,20
DA:63,7
DA:64,14
DA:65,14
DA:66,14
DA:67,14
DA:68,14
DA:74,10
DA:81,45
DA:83,18
LF:27
LH:27
end_of_record
SF:lib/domain/model/movers.dart
DA:3,3
DA:19,9
DA:31,9
DA:36,9
DA:38,3
DA:39,15
DA:42,3
DA:43,9
DA:44,6
DA:46,3
DA:47,3
DA:48,3
DA:49,3
DA:50,3
DA:51,3
DA:52,3
DA:57,21
DA:58,6
LF:18
LH:18
end_of_record
SF:lib/core/failure.dart
DA:6,6
DA:11,2
DA:12,6
DA:17,2
DA:24,2
DA:25,4
DA:33,6
DA:38,2
LF:8
LH:8
end_of_record
SF:lib/core/network/tech_api_client.dart
DA:12,2
DA:14,0
DA:15,4
DA:16,2
DA:17,2
DA:20,4
DA:21,2
DA:30,2
DA:37,4
DA:38,2
DA:39,4
DA:42,2
DA:43,2
DA:44,2
DA:46,4
DA:47,4
DA:50,2
DA:51,2
DA:54,1
DA:57,1
DA:58,1
DA:59,2
DA:61,1
DA:64,3
DA:67,0
LF:25
LH:23
end_of_record
SF:lib/core/network/tech_api_source.dart
DA:18,1
DA:32,1
DA:38,2
DA:40,6
DA:42,2
DA:44,6
DA:46,2
DA:47,6
DA:55,0
DA:61,1
DA:63,3
DA:65,1
DA:66,3
DA:68,0
DA:69,0
LF:15
LH:12
end_of_record
SF:lib/core/result.dart
DA:8,21
DA:13,4
DA:14,2
DA:17,2
DA:18,4
DA:19,0
DA:23,2
DA:24,2
DA:25,4
DA:29,1
DA:30,4
DA:31,3
DA:35,20
DA:37,58
DA:38,15
DA:43,20
DA:47,0
DA:48,0
DA:52,6
DA:56,0
DA:57,0
LF:21
LH:16
end_of_record
SF:lib/data/dto/cpu.dart
DA:46,40
LF:1
LH:1
end_of_record
SF:lib/data/dto/cpu.g.dart
DA:9,40
DA:10,20
DA:11,20
DA:12,21
DA:13,20
DA:15,40
DA:16,20
DA:17,20
DA:18,20
DA:19,20
DA:20,20
DA:21,40
DA:22,40
DA:23,39
DA:24,39
DA:25,40
DA:26,40
DA:27,40
DA:28,40
DA:29,40
DA:30,20
DA:31,20
DA:32,40
DA:33,20
DA:35,40
DA:36,20
DA:38,20
DA:39,40
DA:40,20
DA:42,20
DA:45,0
DA:46,0
DA:47,0
DA:48,0
DA:49,0
DA:50,0
DA:51,0
DA:52,0
DA:53,0
DA:54,0
DA:55,0
DA:56,0
DA:57,0
DA:58,0
DA:59,0
DA:60,0
DA:61,0
DA:62,0
DA:63,0
DA:64,0
DA:65,0
DA:66,0
DA:67,0
DA:68,0
DA:69,0
DA:70,0
LF:56
LH:30
end_of_record
SF:lib/data/repository/catalog_repository.dart
DA:21,23
DA:22,0
DA:32,20
DA:33,20
DA:34,1
DA:37,60
DA:38,19
DA:39,19
DA:40,19
DA:41,19
DA:42,4
DA:43,0
DA:45,16
DA:52,19
DA:69,19
DA:70,19
DA:71,19
DA:72,19
DA:74,19
DA:75,19
DA:76,19
DA:79,19
DA:80,38
DA:81,19
DA:82,19
DA:83,19
DA:84,19
LF:27
LH:25
end_of_record
SF:lib/domain/model/processor.dart
DA:20,7
DA:41,14
DA:42,7
DA:43,7
DA:45,14
DA:46,14
DA:47,28
DA:48,7
DA:50,21
DA:53,6
DA:54,3
DA:55,3
DA:57,6
DA:58,6
DA:59,3
DA:61,3
DA:62,1
DA:63,10
DA:64,9
DA:66,9
DA:69,7
DA:70,35
DA:73,7
DA:74,29
DA:79,6
DA:98,6
DA:99,6
DA:100,12
DA:101,10
DA:102,6
DA:103,6
DA:104,18
DA:108,18
DA:109,6
DA:110,18
DA:111,6
DA:112,24
DA:114,6
DA:115,18
DA:116,6
DA:117,6
DA:118,6
DA:119,24
DA:121,30
LF:44
LH:44
end_of_record
SF:lib/app/providers.dart
DA:28,66
DA:29,0
DA:33,3
DA:34,0
DA:37,57
DA:38,19
DA:39,57
DA:40,40
DA:45,3
DA:55,18
DA:57,36
DA:59,54
DA:60,20
DA:61,18
DA:62,4
DA:67,18
DA:68,18
DA:69,36
DA:70,18
DA:73,6
DA:81,2
DA:82,2
DA:83,6
DA:97,2
DA:98,2
DA:99,2
DA:100,4
DA:101,5
DA:102,1
DA:103,2
DA:108,4
DA:109,4
DA:110,3
DA:111,3
DA:112,1
DA:113,3
DA:116,4
DA:119,54
DA:125,11
DA:128,2
DA:131,33
DA:136,44
DA:137,33
DA:139,10
DA:140,10
DA:141,20
DA:142,20
DA:148,11
DA:151,2
DA:154,22
DA:155,11
DA:161,5
DA:164,2
DA:167,10
DA:168,5
DA:173,20
DA:174,15
DA:176,10
DA:177,5
DA:178,5
DA:179,15
DA:180,1
DA:181,3
DA:192,12
DA:194,24
DA:198,12
DA:199,12
DA:200,24
DA:201,12
DA:202,6
DA:205,3
DA:206,3
DA:207,6
DA:210,0
DA:212,2
DA:213,6
DA:214,0
DA:215,6
DA:216,4
DA:219,2
DA:220,12
DA:221,4
DA:225,36
DA:233,27
DA:234,9
DA:235,27
DA:236,40
DA:237,16
DA:239,3
DA:240,3
DA:244,2
DA:252,9
DA:257,4
DA:258,2
DA:259,4
DA:261,0
DA:263,24
DA:267,9
DA:271,36
DA:272,8
DA:273,18
DA:274,40
DA:277,8
DA:280,27
DA:286,2
DA:289,4
DA:292,6
DA:297,36
DA:298,27
DA:299,18
DA:300,8
DA:302,8
DA:303,40
DA:304,16
DA:307,16
DA:308,16
DA:310,24
DA:317,9
DA:319,18
DA:323,9
DA:324,9
DA:325,18
DA:326,18
DA:335,3
DA:336,3
DA:337,3
DA:344,2
DA:345,4
DA:346,2
DA:347,2
DA:351,18
DA:352,9
DA:360,32
DA:361,24
DA:363,14
DA:367,6
DA:368,2
DA:369,4
DA:370,8
DA:371,2
DA:375,32
DA:376,8
DA:377,16
DA:379,16
DA:380,43
DA:381,8
DA:386,32
DA:387,24
DA:388,16
DA:389,7
DA:391,10
DA:392,2
DA:394,4
DA:395,2
DA:396,2
DA:400,4
DA:404,32
DA:405,24
DA:406,16
DA:409,7
DA:410,21
DA:412,7
DA:413,7
DA:414,6
DA:422,24
DA:423,0
DA:428,9
DA:429,27
DA:432,0
DA:434,4
DA:435,4
DA:436,8
DA:438,4
DA:441,16
DA:447,16
DA:448,3
DA:449,6
DA:450,6
DA:455,4
DA:457,8
DA:458,8
DA:459,4
DA:461,8
DA:462,6
DA:470,3
DA:473,27
DA:478,12
DA:479,0
DA:484,4
DA:485,16
DA:487,3
DA:492,3
DA:493,6
DA:494,3
DA:495,6
DA:499,1
DA:500,1
DA:501,2
DA:502,1
DA:503,3
DA:507,0
DA:508,0
DA:509,0
DA:510,0
DA:514,12
DA:526,3
DA:528,6
DA:532,3
DA:533,3
DA:534,6
DA:535,6
DA:538,2
DA:539,2
DA:540,2
DA:541,2
DA:545,9
DA:557,2
DA:559,4
DA:563,2
DA:564,2
DA:565,4
DA:566,2
DA:569,1
DA:570,1
DA:571,1
DA:572,1
DA:576,1
DA:577,1
DA:578,1
DA:579,1
DA:583,6
DA:586,28
DA:592,8
DA:594,16
DA:598,8
DA:599,8
DA:600,16
DA:601,16
DA:604,2
DA:605,2
DA:606,2
DA:607,2
DA:611,24
DA:616,21
DA:617,14
DA:620,21
DA:621,28
DA:628,28
DA:629,21
DA:630,21
DA:632,3
LF:251
LH:239
end_of_record
SF:lib/app/theme/app_theme.dart
DA:16,1
DA:17,0
DA:18,2
DA:29,24
DA:30,63
DA:31,24
DA:34,24
DA:37,24
DA:40,24
DA:46,24
DA:50,24
DA:51,24
DA:52,24
DA:61,24
DA:62,24
DA:63,24
DA:64,48
DA:69,24
DA:70,24
DA:71,24
DA:72,24
DA:73,24
DA:74,24
DA:75,24
DA:76,24
DA:78,24
LF:26
LH:25
end_of_record
SF:lib/domain/model/device_specs.dart
DA:29,12
DA:46,33
DA:53,12
DA:57,24
DA:59,12
DA:60,12
DA:62,12
DA:63,12
DA:65,12
DA:67,24
DA:68,24
DA:72,24
DA:73,36
DA:74,24
DA:75,12
DA:77,12
DA:78,24
DA:80,24
DA:84,12
DA:86,45
DA:88,12
DA:90,23
DA:92,44
DA:94,24
DA:99,16
DA:101,15
DA:102,15
DA:103,45
DA:104,89
DA:105,30
DA:107,15
DA:110,12
DA:111,12
DA:113,11
DA:114,44
DA:115,33
DA:116,33
DA:118,22
DA:122,12
DA:124,12
DA:125,56
DA:126,34
DA:127,12
DA:128,34
DA:129,12
DA:130,55
DA:133,12
DA:134,12
DA:135,12
DA:136,26
DA:139,12
DA:140,12
DA:141,45
DA:145,11
DA:146,55
DA:151,9
DA:165,2
DA:176,9
DA:181,9
DA:182,9
DA:184,9
DA:185,27
DA:186,9
DA:187,18
DA:188,9
DA:189,9
DA:190,27
DA:195,9
DA:196,9
DA:197,9
DA:200,9
DA:201,27
LF:72
LH:72
end_of_record
SF:lib/shared/copy_keys.dart
DA:163,17
DA:164,17
DA:165,17
DA:166,17
DA:167,17
DA:168,17
DA:171,11
DA:172,11
DA:173,11
DA:174,11
DA:175,11
DA:176,11
DA:179,11
DA:180,11
DA:181,11
DA:182,11
DA:183,11
DA:184,11
DA:187,13
DA:188,13
DA:189,13
DA:190,13
DA:191,13
DA:192,13
DA:193,13
DA:194,10
DA:195,10
DA:196,10
DA:197,10
LF:29
LH:29
end_of_record
SF:lib/data/service/ask_service.dart
DA:23,0
DA:32,0
DA:33,0
DA:35,0
DA:40,0
DA:42,0
DA:44,0
DA:45,0
DA:47,0
DA:49,0
DA:51,0
DA:66,1
DA:71,2
DA:72,3
DA:78,2
DA:81,1
DA:83,1
DA:84,1
DA:85,1
DA:86,1
DA:90,1
DA:91,2
DA:92,1
DA:93,2
DA:94,4
DA:103,2
DA:108,4
DA:109,2
DA:110,2
DA:111,2
DA:112,2
DA:113,2
DA:114,4
DA:115,2
DA:116,4
DA:117,2
DA:119,2
DA:137,2
DA:140,2
DA:149,1
DA:153,4
DA:155,4
DA:157,4
DA:161,4
DA:162,1
DA:163,1
DA:166,4
DA:167,4
DA:168,21
DA:169,13
DA:172,4
DA:174,4
DA:175,4
DA:176,4
DA:178,4
DA:179,1
DA:180,2
DA:184,4
DA:185,4
DA:186,4
DA:188,15
DA:190,4
DA:191,8
DA:192,8
DA:194,4
DA:195,8
DA:196,4
DA:198,6
DA:200,4
DA:201,8
DA:202,13
DA:209,4
DA:210,8
DA:212,3
LF:74
LH:63
end_of_record
SF:lib/domain/model/ask_answer.dart
DA:8,4
DA:31,1
DA:32,1
DA:33,1
DA:34,2
DA:38,3
DA:39,1
DA:42,1
DA:44,1
DA:45,1
DA:46,3
DA:48,1
DA:49,1
DA:50,1
DA:51,2
DA:52,1
DA:53,1
DA:54,1
DA:55,1
DA:56,3
DA:61,1
DA:62,1
DA:63,2
DA:65,3
DA:71,4
DA:79,4
DA:84,9
LF:27
LH:27
end_of_record
SF:lib/data/repository/tech_api_repository.dart
DA:17,1
DA:18,0
DA:22,1
DA:24,1
DA:26,1
DA:27,1
DA:29,1
DA:30,1
DA:32,0
DA:33,0
DA:35,0
DA:37,0
DA:39,1
DA:41,2
DA:42,2
DA:43,4
DA:44,1
DA:46,1
DA:49,1
DA:50,2
DA:51,5
DA:54,1
DA:58,2
DA:59,2
DA:60,3
DA:64,1
DA:67,1
DA:69,2
DA:70,1
DA:71,1
DA:74,2
LF:31
LH:26
end_of_record
SF:lib/data/service/auth_service.dart
DA:5,2
DA:42,1
DA:50,1
DA:51,1
DA:53,1
DA:59,1
DA:62,2
DA:68,1
DA:74,1
DA:78,0
DA:79,0
DA:82,0
DA:83,0
DA:86,0
DA:89,0
DA:98,1
DA:103,1
DA:106,0
DA:110,0
DA:116,1
DA:119,1
DA:125,1
DA:127,0
DA:128,0
DA:129,0
DA:130,0
DA:131,0
LF:27
LH:14
end_of_record
SF:lib/data/service/device_info_service.dart
DA:7,0
DA:15,1
DA:16,6
DA:26,7
DA:27,7
DA:31,7
DA:34,7
DA:35,0
DA:36,0
DA:38,7
DA:39,0
DA:42,0
LF:12
LH:7
end_of_record
SF:lib/domain/model/scan_match.dart
DA:5,7
DA:25,7
DA:26,7
DA:27,14
DA:30,14
DA:31,7
DA:32,14
DA:33,7
DA:36,14
DA:39,7
DA:40,7
DA:41,7
DA:44,14
DA:45,14
DA:47,14
DA:50,14
DA:51,14
DA:57,7
DA:58,7
DA:59,7
DA:60,28
DA:61,7
DA:62,7
DA:64,49
DA:68,7
DA:69,7
DA:70,14
DA:71,14
DA:72,7
LF:29
LH:29
end_of_record
SF:lib/app/locale_controller.dart
DA:16,2
DA:17,5
DA:18,1
DA:38,0
DA:42,0
DA:43,0
DA:45,0
DA:46,0
LF:8
LH:3
end_of_record
SF:lib/app/theme/page_transitions.dart
DA:12,1
DA:17,7
DA:20,15
DA:28,15
DA:30,15
DA:37,15
DA:42,15
DA:44,15
DA:47,45
DA:49,15
DA:50,15
DA:54,15
DA:55,15
DA:56,30
DA:57,30
DA:58,45
DA:60,15
DA:67,15
DA:72,15
DA:74,15
DA:76,15
DA:77,45
DA:79,15
DA:80,15
DA:84,15
DA:85,15
DA:86,30
DA:87,30
DA:88,60
DA:90,15
LF:30
LH:30
end_of_record
SF:lib/app/theme/tp_tokens.dart
DA:12,1
DA:133,24
DA:206,15
DA:287,0
DA:289,0
DA:291,0
DA:294,9
DA:296,9
DA:297,9
DA:303,69
LF:10
LH:7
end_of_record
SF:lib/app/theme/tp_typography.dart
DA:14,24
DA:48,24
DA:49,24
DA:50,24
DA:51,24
DA:54,24
DA:56,24
DA:57,24
DA:61,48
DA:63,24
DA:68,24
DA:71,24
DA:73,48
DA:74,24
DA:75,48
DA:76,48
DA:77,48
DA:78,24
DA:80,24
DA:81,24
DA:82,24
DA:84,24
DA:87,48
DA:93,0
DA:96,9
DA:98,9
DA:99,9
DA:104,66
LF:28
LH:27
end_of_record
SF:lib/data/dto/collection_page.dart
DA:17,2
DA:18,2
DA:37,2
DA:38,2
LF:4
LH:4
end_of_record
SF:lib/data/dto/collection_page.g.dart
DA:9,4
DA:10,2
DA:11,2
DA:12,2
DA:15,0
DA:16,0
DA:17,0
DA:18,0
DA:19,0
DA:22,2
DA:23,2
DA:24,4
DA:26,2
DA:27,6
DA:28,2
DA:30,2
DA:31,2
DA:34,0
DA:35,0
DA:36,0
DA:37,0
DA:38,0
DA:39,0
LF:23
LH:12
end_of_record
SF:lib/data/dto/gpu.dart
DA:42,2
LF:1
LH:1
end_of_record
SF:lib/data/dto/gpu.g.dart
DA:9,2
DA:10,1
DA:11,1
DA:12,2
DA:13,1
DA:15,2
DA:16,1
DA:17,1
DA:18,2
DA:19,2
DA:20,1
DA:21,2
DA:22,2
DA:23,2
DA:24,1
DA:25,2
DA:26,2
DA:27,2
DA:28,2
DA:29,2
DA:30,1
DA:31,2
DA:32,2
DA:33,1
DA:35,2
DA:36,1
DA:38,1
DA:39,2
DA:40,1
DA:42,1
DA:45,0
DA:46,0
DA:47,0
DA:48,0
DA:49,0
DA:50,0
DA:51,0
DA:52,0
DA:53,0
DA:54,0
DA:55,0
DA:56,0
DA:57,0
DA:58,0
DA:59,0
DA:60,0
DA:61,0
DA:62,0
DA:63,0
DA:64,0
DA:65,0
DA:66,0
DA:67,0
DA:68,0
DA:69,0
DA:70,0
LF:56
LH:30
end_of_record
SF:lib/feature/you/you_screen.dart
DA:24,3
DA:54,7
DA:56,7
DA:57,7
DA:58,14
DA:59,14
DA:60,14
DA:62,7
DA:63,11
DA:65,7
DA:66,7
DA:68,7
DA:69,14
DA:70,21
DA:74,28
DA:75,7
DA:77,14
DA:78,7
DA:80,28
DA:81,7
DA:82,7
DA:84,7
DA:85,7
DA:86,7
DA:87,7
DA:89,7
DA:90,1
DA:91,4
DA:93,7
DA:94,7
DA:95,7
DA:96,7
DA:97,21
DA:100,7
DA:101,5
DA:102,7
DA:103,7
DA:104,14
DA:109,7
DA:113,7
DA:115,7
DA:117,7
DA:118,7
DA:119,7
DA:120,7
DA:121,8
DA:124,2
DA:127,21
DA:128,7
DA:129,7
DA:130,7
DA:131,1
DA:132,3
DA:133,1
DA:135,14
DA:139,7
DA:141,7
DA:143,7
DA:144,7
DA:145,7
DA:146,7
DA:147,7
DA:149,21
DA:153,7
DA:155,14
DA:167,7
DA:171,7
DA:173,7
DA:174,7
DA:175,21
DA:176,14
DA:177,14
DA:181,3
DA:183,7
DA:184,1
DA:186,5
DA:188,7
DA:189,7
DA:190,7
DA:191,7
DA:193,7
DA:194,28
DA:196,7
DA:198,7
DA:199,3
DA:200,7
DA:205,3
DA:209,1
DA:211,1
DA:212,1
DA:215,2
DA:218,14
DA:226,1
DA:231,1
DA:232,1
DA:234,1
DA:237,2
DA:240,1
DA:243,1
DA:244,3
DA:246,1
DA:247,1
DA:249,1
DA:251,1
DA:252,2
DA:253,1
DA:255,1
DA:257,1
DA:258,1
DA:259,4
DA:260,2
DA:261,1
DA:267,1
DA:270,1
DA:271,2
DA:286,7
DA:293,7
DA:295,7
DA:296,14
DA:297,21
DA:298,7
DA:299,14
DA:300,6
DA:302,14
DA:303,3
DA:304,12
DA:305,3
DA:307,4
DA:308,4
DA:311,7
DA:313,7
DA:315,7
DA:316,7
DA:317,7
DA:325,7
DA:326,21
DA:327,14
DA:331,7
DA:332,7
DA:334,7
DA:335,7
DA:336,11
DA:337,7
DA:341,7
DA:342,4
DA:343,4
DA:344,4
DA:348,7
DA:349,7
DA:350,7
DA:351,7
DA:352,7
DA:353,14
DA:366,7
DA:376,7
DA:378,7
DA:379,7
DA:381,7
DA:383,7
DA:385,7
DA:386,7
DA:387,7
DA:388,7
DA:389,7
DA:390,14
DA:391,7
DA:396,7
DA:398,28
DA:401,21
DA:405,7
DA:406,14
DA:409,7
DA:411,7
DA:413,28
DA:422,7
DA:434,7
DA:436,7
DA:437,7
DA:439,7
DA:440,7
DA:442,34
DA:444,7
DA:445,7
DA:447,7
DA:449,7
DA:450,28
DA:452,7
DA:453,7
DA:454,28
DA:455,7
DA:456,21
DA:458,12
LF:192
LH:192
end_of_record
SF:lib/app/shell/tp_shell.dart
DA:31,22
DA:70,22
DA:72,22
DA:73,22
DA:74,22
DA:77,22
DA:79,57
DA:85,22
DA:86,22
DA:87,22
DA:88,22
DA:89,44
DA:90,44
DA:92,22
DA:93,60
DA:94,38
DA:95,7
DA:97,44
DA:99,7
DA:100,108
DA:101,21
DA:103,22
DA:104,22
DA:105,22
DA:106,22
DA:107,22
DA:108,22
DA:114,19
DA:119,19
DA:120,19
DA:121,19
DA:122,19
DA:125,19
DA:126,19
DA:127,19
DA:135,38
DA:136,15
DA:137,15
DA:142,15
DA:143,15
DA:144,15
DA:145,5
DA:146,5
DA:147,5
DA:158,30
DA:160,15
DA:167,15
DA:169,15
DA:172,45
DA:178,15
DA:184,22
DA:185,17
DA:190,17
DA:193,17
DA:194,17
DA:195,17
DA:206,13
DA:207,13
DA:208,13
DA:209,13
DA:210,26
DA:211,26
DA:213,13
DA:215,10
DA:216,13
DA:217,35
DA:218,11
DA:219,4
DA:222,4
DA:223,12
DA:224,30
DA:225,22
DA:226,12
DA:228,13
DA:229,13
DA:230,13
DA:231,13
DA:232,13
DA:233,13
DA:238,11
DA:242,11
DA:244,22
DA:245,11
DA:247,11
DA:248,11
DA:250,11
DA:251,11
DA:253,11
DA:254,3
DA:255,3
DA:256,3
DA:260,11
DA:267,11
DA:268,10
DA:270,10
DA:272,10
DA:274,30
DA:283,13
DA:284,4
DA:287,16
DA:289,4
DA:292,13
DA:293,10
DA:297,10
DA:299,20
DA:300,20
DA:301,10
DA:302,10
DA:303,10
DA:316,17
DA:328,17
DA:330,17
DA:331,34
DA:332,34
DA:333,17
DA:334,17
DA:337,34
DA:339,17
DA:341,23
DA:342,17
DA:343,17
DA:350,17
DA:352,17
DA:354,17
DA:356,17
DA:357,17
DA:358,34
DA:360,34
DA:363,17
DA:364,34
DA:369,51
DA:370,34
DA:380,17
DA:387,10
DA:399,10
DA:401,10
DA:402,20
DA:403,20
DA:404,20
DA:405,10
DA:406,10
DA:407,16
DA:408,10
DA:410,10
DA:411,30
DA:413,10
DA:414,20
DA:415,30
DA:421,10
DA:431,1
DA:438,18
DA:439,18
DA:440,18
DA:442,18
DA:443,18
LF:155
LH:155
end_of_record
SF:lib/shared/widgets/tp_surface.dart
DA:15,21
DA:41,20
DA:43,20
DA:44,55
DA:45,52
DA:47,20
DA:48,17
DA:49,60
DA:51,20
DA:52,20
DA:53,20
DA:68,20
DA:69,20
DA:73,40
DA:74,20
DA:75,20
DA:76,60
DA:77,60
DA:83,20
DA:85,60
DA:86,20
DA:87,40
DA:92,40
DA:94,10
DA:95,10
DA:96,10
DA:97,10
DA:100,4
DA:104,4
DA:105,4
DA:106,4
DA:125,10
DA:145,10
DA:146,10
DA:152,5
DA:153,25
DA:156,10
DA:158,10
DA:160,10
DA:161,20
DA:162,20
DA:164,10
DA:165,8
DA:166,4
DA:167,10
DA:168,1
DA:170,2
DA:172,20
DA:179,20
DA:182,40
DA:183,40
DA:184,40
DA:185,20
DA:186,20
DA:187,20
DA:188,20
LF:56
LH:56
end_of_record
SF:lib/shared/widgets/tp_tap_target.dart
DA:9,17
DA:25,17
DA:27,17
DA:29,17
DA:30,17
DA:31,17
DA:33,17
DA:34,51
DA:35,34
LF:9
LH:9
end_of_record
SF:lib/shared/spec_labels.dart
DA:9,30
DA:11,33
LF:2
LH:2
end_of_record
SF:lib/feature/home/home_screen.dart
DA:27,6
DA:44,8
DA:46,8
DA:47,8
DA:48,16
DA:49,16
DA:50,16
DA:52,8
DA:55,12
DA:57,8
DA:58,8
DA:60,8
DA:63,16
DA:64,24
DA:67,32
DA:68,8
DA:71,16
DA:73,2
DA:75,2
DA:76,2
DA:79,10
DA:81,2
DA:82,2
DA:83,2
DA:84,2
DA:87,2
DA:88,2
DA:90,2
DA:91,1
DA:92,5
DA:96,10
DA:98,4
DA:100,6
DA:107,8
DA:108,16
DA:109,4
DA:110,3
DA:116,2
DA:122,2
DA:124,2
DA:125,2
DA:126,4
DA:127,6
DA:129,2
DA:132,2
DA:134,2
DA:135,8
DA:137,2
DA:138,4
DA:139,4
DA:141,2
DA:147,2
DA:151,6
DA:153,2
DA:155,2
DA:156,2
DA:157,2
DA:158,2
DA:163,2
DA:165,6
DA:171,8
DA:173,8
DA:175,2
DA:176,2
DA:177,2
DA:178,2
DA:179,2
DA:181,2
DA:185,2
DA:186,2
DA:187,2
DA:189,2
DA:204,2
DA:205,12
DA:206,10
DA:207,2
DA:208,0
DA:210,6
DA:211,6
DA:216,8
DA:220,8
DA:222,8
DA:223,8
DA:226,8
DA:228,8
DA:229,24
DA:231,24
DA:233,8
DA:234,8
DA:236,8
DA:245,2
DA:251,2
DA:253,2
DA:254,2
DA:255,2
DA:256,8
DA:257,2
DA:258,2
DA:259,2
DA:260,2
DA:261,2
DA:262,4
DA:271,2
DA:277,2
DA:279,2
DA:280,2
DA:281,6
DA:283,2
DA:285,2
DA:286,8
DA:288,3
DA:290,2
DA:291,2
DA:294,2
DA:296,2
DA:297,2
DA:298,2
DA:300,2
DA:301,2
DA:304,4
DA:306,2
DA:311,2
DA:312,2
DA:314,2
DA:315,2
DA:316,4
DA:317,2
DA:322,2
DA:323,2
DA:324,6
DA:325,12
DA:326,2
DA:341,2
DA:345,2
DA:347,2
DA:348,2
DA:350,2
DA:351,2
DA:356,2
DA:358,2
DA:359,2
DA:360,2
DA:371,2
DA:376,2
DA:378,2
DA:380,4
DA:382,2
DA:384,2
DA:385,2
DA:387,2
DA:388,2
DA:389,2
DA:391,10
DA:393,2
DA:394,2
DA:395,4
DA:396,2
DA:401,2
DA:402,12
DA:405,4
DA:407,4
DA:418,8
DA:424,8
DA:426,8
DA:427,8
DA:429,8
DA:431,8
DA:432,8
DA:433,8
DA:436,8
DA:437,10
DA:438,8
DA:439,12
DA:441,16
DA:443,8
DA:444,8
DA:447,16
DA:448,8
DA:449,8
LF:179
LH:178
end_of_record
SF:lib/shared/widgets/tp_score_strip.dart
DA:18,9
DA:22,8
DA:24,8
DA:25,8
DA:27,8
DA:28,8
DA:29,8
DA:30,8
DA:33,8
DA:34,8
DA:35,8
DA:36,16
DA:37,24
DA:40,1
DA:41,3
DA:44,8
DA:46,8
DA:48,8
DA:49,8
DA:50,8
DA:51,8
DA:52,8
DA:53,16
DA:54,8
DA:59,8
DA:60,32
DA:63,16
DA:64,9
DA:65,8
DA:71,16
DA:82,8
DA:86,8
DA:88,8
DA:89,8
DA:90,8
DA:91,8
DA:93,8
DA:95,8
DA:96,8
DA:97,8
DA:98,16
LF:41
LH:41
end_of_record
SF:lib/feature/onboarding/onboarding_screen.dart
DA:20,2
DA:26,7
DA:27,7
DA:34,7
DA:36,14
DA:37,7
DA:40,1
DA:41,5
DA:42,3
DA:45,1
DA:46,4
DA:47,1
DA:50,2
DA:56,7
DA:58,7
DA:59,7
DA:60,28
DA:62,7
DA:64,7
DA:65,7
DA:66,7
DA:68,7
DA:70,7
DA:71,7
DA:72,7
DA:73,7
DA:74,14
DA:79,7
DA:80,7
DA:81,7
DA:82,4
DA:83,7
DA:84,7
DA:85,7
DA:88,7
DA:90,7
DA:93,7
DA:94,7
DA:96,21
DA:98,7
DA:99,7
DA:100,14
DA:108,7
DA:110,7
DA:111,21
DA:112,7
DA:115,14
DA:117,7
DA:118,21
DA:119,7
DA:124,7
DA:126,7
DA:128,7
DA:129,7
DA:130,7
DA:133,7
DA:135,7
DA:136,9
DA:138,7
DA:140,7
DA:141,7
DA:142,14
DA:144,7
DA:159,7
DA:163,7
DA:165,7
DA:166,7
DA:168,7
DA:170,14
DA:173,7
DA:174,7
DA:175,7
DA:177,7
DA:179,7
DA:181,7
DA:182,7
DA:183,7
DA:191,2
DA:192,1
DA:193,3
DA:194,2
DA:195,1
DA:196,1
DA:198,1
DA:199,3
DA:200,2
DA:208,1
DA:211,1
DA:212,1
DA:214,1
DA:216,1
DA:217,1
DA:218,2
DA:223,1
DA:225,1
DA:228,1
DA:230,1
DA:232,2
LF:98
LH:98
end_of_record
SF:lib/feature/rank/rank_screen.dart
DA:25,8
DA:39,11
DA:41,22
DA:42,22
DA:44,22
DA:45,22
DA:47,11
DA:48,11
DA:50,11
DA:51,23
DA:52,11
DA:54,11
DA:57,22
DA:59,11
DA:60,55
DA:61,11
DA:62,1
DA:63,5
DA:67,11
DA:69,22
DA:70,29
DA:72,12
DA:74,11
DA:75,44
DA:83,11
DA:87,11
DA:89,55
DA:93,11
DA:103,11
DA:105,11
DA:107,11
DA:109,22
DA:110,11
DA:111,22
DA:112,22
DA:113,22
DA:114,14
DA:127,11
DA:135,11
DA:137,22
DA:138,2
DA:140,8
DA:144,10
DA:145,30
DA:146,10
DA:147,10
DA:148,10
DA:149,10
DA:150,30
DA:153,30
DA:157,10
DA:159,10
DA:160,10
DA:162,5
DA:172,10
DA:178,10
DA:180,10
DA:181,10
DA:183,30
DA:185,10
DA:189,10
DA:191,10
DA:192,10
DA:193,30
DA:194,30
DA:195,30
DA:199,10
DA:200,10
DA:202,10
DA:204,10
DA:207,10
DA:208,10
DA:212,10
DA:214,10
DA:215,10
DA:217,10
DA:218,30
DA:221,20
DA:223,10
DA:230,10
DA:231,10
DA:232,30
DA:235,10
DA:239,10
DA:240,40
DA:243,20
DA:244,20
DA:251,30
DA:262,10
DA:266,10
DA:268,10
DA:269,10
DA:270,10
DA:271,10
DA:273,10
DA:275,10
DA:276,10
DA:277,10
DA:278,20
DA:290,1
DA:292,11
DA:294,11
DA:295,11
DA:296,11
DA:297,22
DA:298,11
DA:300,11
DA:302,11
DA:303,11
DA:304,22
DA:314,10
DA:316,10
DA:317,2
DA:318,1
DA:319,3
DA:320,6
DA:321,2
DA:323,1
DA:325,20
DA:330,6
DA:334,3
DA:336,3
DA:337,3
DA:338,3
DA:340,3
DA:341,3
DA:342,3
DA:345,3
DA:347,3
DA:350,3
DA:352,3
DA:355,3
DA:356,3
DA:357,6
DA:359,3
DA:372,6
DA:376,6
DA:378,6
DA:379,6
DA:380,6
DA:382,6
DA:383,6
DA:384,6
DA:387,6
DA:388,6
DA:389,6
DA:391,6
DA:393,6
DA:396,6
DA:397,6
DA:398,18
LF:151
LH:151
end_of_record
SF:lib/feature/rank/category_chips.dart
DA:11,1
DA:13,11
DA:15,22
DA:17,11
DA:19,11
DA:21,11
DA:22,11
DA:23,11
DA:24,11
DA:27,11
DA:28,11
DA:29,22
DA:30,11
DA:32,5
LF:14
LH:14
end_of_record
SF:lib/shared/widgets/tp_chip.dart
DA:11,13
DA:22,13
DA:23,13
DA:29,13
DA:31,13
DA:32,13
DA:33,26
DA:35,13
DA:38,26
DA:39,13
DA:40,26
DA:43,12
DA:44,12
DA:45,0
DA:46,13
DA:47,13
DA:49,13
DA:53,13
DA:54,39
DA:55,13
DA:57,13
DA:58,26
DA:59,26
DA:61,13
DA:62,26
LF:25
LH:24
end_of_record
SF:lib/feature/ask/ask_screen.dart
DA:23,3
DA:32,9
DA:33,36
DA:35,9
DA:36,9
DA:43,9
DA:45,18
DA:46,18
DA:47,9
DA:50,3
DA:51,6
DA:52,6
DA:53,15
DA:54,9
DA:55,6
DA:56,9
DA:62,9
DA:64,9
DA:65,27
DA:67,9
DA:68,9
DA:70,18
DA:73,9
DA:74,9
DA:75,9
DA:76,9
DA:77,9
DA:79,9
DA:80,18
DA:81,9
DA:84,45
DA:85,18
DA:88,9
DA:92,27
DA:101,9
DA:114,9
DA:116,9
DA:117,9
DA:118,18
DA:120,18
DA:121,4
DA:123,4
DA:126,4
DA:129,4
DA:131,8
DA:133,4
DA:134,8
DA:135,8
DA:142,9
DA:143,9
DA:144,9
DA:146,9
DA:149,9
DA:151,9
DA:153,9
DA:155,6
DA:157,0
DA:158,9
DA:160,9
DA:161,9
DA:162,18
DA:163,12
DA:165,3
DA:166,9
DA:168,9
DA:170,9
DA:172,6
DA:186,3
DA:190,3
DA:192,3
DA:193,3
DA:194,3
DA:196,3
DA:197,9
DA:199,3
DA:200,3
DA:201,15
DA:202,3
DA:203,6
DA:206,9
DA:215,9
DA:220,9
DA:222,9
DA:223,9
DA:225,9
DA:228,9
DA:229,9
DA:231,9
DA:234,18
DA:235,9
DA:236,18
DA:237,18
DA:239,5
DA:244,9
DA:246,9
DA:247,9
DA:248,9
DA:249,9
DA:253,9
DA:254,9
DA:255,9
DA:256,9
DA:259,9
DA:260,9
DA:261,9
DA:262,9
DA:263,9
DA:264,9
DA:265,9
DA:274,9
DA:275,9
DA:276,9
DA:277,27
DA:286,9
DA:287,0
DA:288,9
DA:289,9
DA:292,9
DA:295,9
LF:119
LH:117
end_of_record
SF:lib/feature/compare/compare_screen.dart
DA:24,6
DA:38,9
DA:40,9
DA:41,27
DA:42,18
DA:43,18
DA:45,9
DA:47,40
DA:48,16
DA:51,18
DA:52,18
DA:54,9
DA:55,9
DA:57,9
DA:58,9
DA:60,9
DA:61,9
DA:62,9
DA:63,9
DA:64,9
DA:66,15
DA:70,9
DA:71,9
DA:73,15
DA:79,9
DA:80,9
DA:82,27
DA:85,8
DA:87,8
DA:88,8
DA:89,8
DA:90,8
DA:92,8
DA:93,8
DA:98,9
DA:99,9
DA:100,8
DA:101,8
DA:102,8
DA:105,8
DA:106,16
DA:107,8
DA:108,24
DA:111,8
DA:112,8
DA:113,32
DA:124,9
DA:129,9
DA:131,9
DA:132,9
DA:134,9
DA:136,9
DA:138,9
DA:140,9
DA:141,9
DA:142,34
DA:143,9
DA:148,9
DA:150,9
DA:151,26
DA:152,9
DA:158,45
DA:167,8
DA:177,8
DA:179,8
DA:180,8
DA:182,8
DA:184,8
DA:185,24
DA:187,8
DA:189,8
DA:190,8
DA:191,24
DA:192,8
DA:197,8
DA:198,8
DA:200,8
DA:201,8
DA:202,8
DA:203,16
DA:204,24
DA:205,8
DA:209,8
DA:210,8
DA:211,16
DA:212,24
DA:213,8
DA:226,8
DA:234,8
DA:236,8
DA:237,8
DA:239,8
DA:242,16
DA:243,32
DA:246,8
DA:248,8
DA:249,16
DA:250,24
DA:252,8
DA:253,16
DA:254,16
DA:255,16
DA:256,16
LF:103
LH:103
end_of_record
SF:lib/feature/compare/picker_screen.dart
DA:20,5
DA:25,7
DA:27,7
DA:28,7
DA:29,21
DA:30,14
DA:31,6
DA:33,7
DA:35,7
DA:37,7
DA:38,7
DA:40,7
DA:41,7
DA:42,28
DA:43,7
DA:44,7
DA:45,7
DA:46,7
DA:47,14
DA:53,7
DA:54,7
DA:56,7
DA:57,6
DA:58,6
DA:59,6
DA:60,12
DA:61,6
DA:66,2
DA:68,6
DA:69,8
DA:70,3
DA:72,6
DA:73,6
DA:74,6
DA:75,6
DA:77,6
DA:78,6
DA:79,6
DA:80,6
DA:84,6
DA:85,12
DA:86,6
DA:92,6
DA:93,6
DA:96,12
DA:97,0
LF:46
LH:45
end_of_record
SF:lib/feature/cpu/processor_screen.dart
DA:21,2
DA:25,5
DA:27,10
DA:28,10
DA:29,10
DA:31,5
DA:32,5
DA:34,5
DA:35,5
DA:37,5
DA:40,5
DA:42,1
DA:43,4
DA:46,5
DA:47,5
DA:48,5
DA:49,1
DA:51,4
DA:54,10
DA:55,5
DA:56,20
DA:69,5
DA:74,5
DA:76,5
DA:77,5
DA:80,5
DA:81,5
DA:82,5
DA:84,5
DA:85,5
DA:86,5
DA:87,5
DA:88,5
DA:89,10
DA:90,10
DA:91,3
DA:101,5
DA:111,5
DA:113,5
DA:114,5
DA:115,5
DA:118,5
DA:119,5
DA:121,5
DA:122,5
DA:124,5
DA:128,5
DA:129,5
DA:130,5
DA:132,5
DA:133,5
DA:134,10
DA:136,5
DA:137,5
DA:149,5
DA:153,5
DA:155,5
DA:156,5
DA:157,10
DA:158,5
DA:160,5
DA:162,5
DA:163,5
DA:164,15
DA:165,5
DA:166,5
DA:170,5
DA:172,5
DA:174,5
DA:175,5
DA:177,5
DA:178,5
DA:179,5
DA:181,5
DA:182,5
DA:183,5
DA:186,5
DA:189,5
DA:190,5
DA:193,15
DA:199,5
DA:200,5
DA:203,10
DA:205,5
DA:207,15
DA:215,15
DA:224,5
DA:228,5
DA:230,5
DA:231,5
DA:232,5
DA:233,5
DA:235,5
DA:237,5
DA:238,5
DA:239,5
DA:240,10
DA:250,1
DA:252,5
DA:254,5
DA:255,5
DA:256,5
DA:257,10
DA:258,5
DA:260,5
DA:262,5
DA:263,5
DA:264,10
LF:108
LH:108
end_of_record
SF:lib/feature/detail/detail_screen.dart
DA:21,6
DA:34,9
DA:36,36
DA:38,9
DA:39,9
DA:40,9
DA:41,9
DA:42,6
DA:43,8
DA:44,24
DA:51,8
DA:57,8
DA:59,8
DA:60,8
DA:61,16
DA:62,40
DA:63,24
DA:65,8
DA:67,8
DA:71,48
DA:73,8
DA:74,16
DA:75,16
DA:77,8
DA:81,8
DA:83,8
DA:84,8
DA:85,8
DA:86,24
DA:89,8
DA:95,8
DA:97,8
DA:101,24
DA:103,8
DA:105,8
DA:106,8
DA:107,8
DA:108,16
DA:111,8
DA:113,24
DA:123,8
DA:125,8
DA:126,8
DA:127,16
DA:128,8
DA:134,8
DA:136,32
DA:140,8
DA:141,8
DA:143,7
DA:146,8
DA:147,8
DA:149,13
DA:152,8
DA:153,8
DA:155,13
DA:158,32
DA:161,24
DA:162,16
DA:163,8
DA:165,16
DA:175,1
DA:177,8
DA:179,8
DA:180,8
DA:182,8
DA:183,8
DA:184,16
DA:187,16
DA:193,8
DA:197,8
DA:199,8
DA:200,8
DA:202,8
DA:204,8
DA:205,24
DA:207,8
DA:209,8
DA:210,8
DA:212,40
DA:214,8
DA:215,8
DA:216,16
DA:218,16
DA:219,17
DA:230,8
DA:236,6
DA:238,6
DA:239,6
DA:240,6
DA:241,7
DA:244,6
DA:246,6
DA:247,6
DA:248,6
DA:251,6
DA:252,12
DA:254,12
DA:256,6
DA:257,6
DA:258,12
DA:259,6
DA:260,6
DA:270,1
DA:272,9
DA:274,9
DA:275,9
DA:277,9
DA:278,9
DA:279,9
DA:281,9
DA:283,9
DA:284,9
DA:285,18
DA:295,2
DA:299,2
DA:301,2
DA:302,2
DA:303,2
DA:305,2
DA:307,2
DA:308,6
DA:310,6
LF:123
LH:123
end_of_record
SF:lib/feature/login/email_login_screen.dart
DA:19,7
DA:36,1
DA:37,1
DA:38,1
DA:39,4
DA:40,2
DA:41,1
DA:42,1
DA:43,1
DA:44,1
DA:47,7
DA:48,7
DA:55,21
DA:59,7
DA:61,14
DA:62,14
DA:63,7
DA:66,1
DA:67,1
DA:69,3
DA:70,2
DA:72,1
DA:73,4
DA:76,2
DA:77,4
DA:81,2
DA:82,1
DA:83,1
DA:86,4
DA:87,1
DA:88,1
DA:89,1
DA:95,1
DA:97,3
DA:100,2
DA:101,1
DA:102,3
DA:106,7
DA:108,7
DA:109,7
DA:111,7
DA:113,7
DA:115,7
DA:116,14
DA:117,6
DA:119,6
DA:120,12
DA:121,6
DA:125,7
DA:126,14
DA:127,7
DA:129,7
DA:131,7
DA:132,7
DA:133,7
DA:136,7
DA:137,7
DA:138,7
DA:139,7
DA:141,0
DA:144,8
DA:146,5
DA:149,7
DA:150,7
DA:152,7
DA:153,7
DA:154,7
DA:157,7
DA:159,7
DA:160,9
DA:162,7
DA:164,7
DA:165,14
DA:166,14
DA:168,7
DA:175,7
DA:177,7
DA:182,7
DA:183,7
DA:184,14
DA:185,7
DA:187,7
DA:188,3
DA:189,2
DA:190,1
DA:192,7
DA:193,14
DA:194,14
DA:206,7
DA:220,7
DA:222,7
DA:223,7
DA:225,7
DA:229,7
DA:230,7
DA:231,7
DA:232,9
DA:236,7
DA:237,7
DA:238,7
DA:239,7
DA:240,7
DA:241,7
DA:242,7
DA:243,7
DA:244,7
DA:251,7
DA:252,35
LF:108
LH:107
end_of_record
SF:lib/feature/login/login_screen.dart
DA:20,3
DA:61,6
DA:62,6
DA:68,2
DA:69,2
DA:70,0
DA:73,10
DA:74,2
DA:76,3
DA:82,4
DA:83,3
DA:86,4
DA:89,1
DA:90,1
DA:91,2
DA:92,0
DA:93,0
DA:94,0
DA:97,6
DA:99,6
DA:100,6
DA:102,6
DA:104,6
DA:106,6
DA:107,18
DA:109,24
DA:112,12
DA:113,6
DA:114,6
DA:117,6
DA:118,6
DA:119,4
DA:124,7
DA:126,5
DA:129,6
DA:132,6
DA:137,6
DA:138,18
DA:139,6
DA:140,12
DA:141,6
DA:142,6
DA:143,12
DA:156,6
DA:170,6
DA:172,6
DA:173,6
DA:174,6
DA:175,9
DA:178,6
DA:180,6
DA:181,6
DA:182,6
DA:185,6
DA:186,6
DA:188,12
DA:190,12
DA:192,6
DA:193,6
DA:196,6
DA:197,12
DA:198,12
DA:203,6
DA:204,6
DA:205,6
DA:208,6
DA:209,12
DA:210,6
DA:211,6
DA:213,6
LF:70
LH:66
end_of_record
SF:lib/feature/scan/scan_screen.dart
DA:23,6
DA:38,6
DA:39,6
DA:44,12
DA:47,6
DA:49,6
DA:51,12
DA:52,6
DA:55,6
DA:57,6
DA:58,24
DA:59,18
DA:61,12
DA:63,20
DA:65,6
DA:67,6
DA:69,6
DA:70,6
DA:71,6
DA:72,6
DA:74,6
DA:75,6
DA:78,12
DA:81,6
DA:83,6
DA:84,6
DA:86,12
DA:94,6
DA:95,18
DA:98,6
DA:99,6
DA:100,6
DA:101,12
DA:102,6
DA:110,6
DA:111,6
DA:112,12
DA:119,5
DA:122,15
DA:123,5
DA:124,10
DA:125,15
DA:126,10
DA:128,6
DA:140,6
DA:147,6
DA:149,6
DA:150,6
DA:151,6
DA:152,6
DA:154,6
DA:156,6
DA:157,6
DA:158,12
DA:159,30
DA:160,6
DA:180,6
DA:184,6
DA:186,18
DA:187,18
DA:190,6
DA:193,6
DA:194,6
DA:195,6
DA:209,5
DA:215,5
DA:217,5
DA:219,5
DA:220,5
DA:223,5
DA:224,10
DA:225,5
DA:227,5
DA:229,15
DA:231,5
DA:233,5
DA:234,20
DA:236,5
DA:237,5
DA:238,5
DA:239,5
DA:240,5
DA:241,5
DA:246,5
DA:247,10
DA:250,10
DA:255,5
DA:257,5
DA:258,5
DA:259,5
DA:262,5
DA:264,5
DA:265,10
DA:267,4
DA:270,5
DA:271,5
DA:272,10
DA:274,10
LF:98
LH:98
end_of_record
SF:lib/feature/viewer/viewer_screen.dart
DA:18,5
DA:33,6
DA:34,6
DA:40,6
DA:42,6
DA:44,6
DA:46,6
DA:48,6
DA:49,6
DA:50,6
DA:51,6
DA:52,6
DA:53,6
DA:54,18
DA:56,6
DA:58,6
DA:61,6
DA:62,6
DA:63,6
DA:64,12
DA:65,6
DA:68,6
DA:69,1
DA:70,3
DA:71,6
DA:76,6
DA:79,6
DA:80,6
DA:84,6
DA:85,12
DA:86,12
DA:97,6
DA:99,6
DA:100,6
DA:101,12
DA:104,6
DA:105,18
DA:110,6
DA:111,18
DA:114,6
DA:115,6
DA:116,6
DA:117,12
DA:118,6
DA:126,6
DA:127,6
DA:128,12
DA:129,12
DA:146,6
DA:150,6
DA:152,6
DA:155,6
DA:157,6
DA:158,6
DA:160,6
DA:163,6
DA:166,6
DA:168,6
DA:171,6
DA:172,6
DA:173,6
DA:174,6
DA:181,6
DA:183,12
DA:193,6
DA:197,6
DA:199,6
DA:200,6
DA:201,6
DA:202,12
DA:204,6
DA:205,6
DA:208,6
DA:211,6
DA:212,30
DA:213,42
DA:214,42
DA:218,18
DA:219,12
DA:220,6
DA:221,12
DA:222,6
DA:223,6
DA:224,6
DA:225,6
DA:226,1
DA:227,6
DA:232,1
DA:233,3
LF:89
LH:89
end_of_record
SF:lib/app/app.dart
DA:15,0
DA:20,0
DA:22,0
DA:25,0
DA:26,0
DA:27,0
DA:28,0
DA:29,0
DA:32,0
DA:33,0
DA:34,0
DA:35,0
DA:54,1
DA:56,1
DA:57,1
DA:61,1
DA:62,3
DA:63,1
DA:64,2
DA:66,0
DA:67,0
DA:68,0
DA:69,0
DA:76,1
DA:78,3
DA:79,3
DA:80,3
DA:91,1
DA:92,0
DA:95,2
DA:96,0
DA:97,6
LF:32
LH:14
end_of_record
SF:lib/app/tab_host.dart
DA:27,1
DA:31,2
DA:32,2
DA:36,6
DA:38,2
DA:40,2
DA:43,4
DA:44,2
DA:45,12
DA:50,4
DA:52,2
DA:53,1
DA:54,3
DA:56,2
DA:57,1
DA:59,4
DA:60,1
DA:61,2
DA:66,1
DA:67,5
DA:68,5
DA:69,1
DA:72,1
DA:74,1
DA:75,2
DA:76,1
DA:77,1
DA:78,4
DA:79,1
DA:80,1
DA:82,1
DA:83,1
DA:87,1
DA:88,5
DA:89,6
DA:95,1
DA:96,1
DA:98,3
DA:99,4
DA:100,2
DA:102,1
DA:103,7
DA:105,2
DA:106,2
DA:108,6
DA:111,2
DA:112,1
DA:113,0
DA:114,0
DA:115,0
DA:116,0
DA:121,2
DA:126,2
DA:127,4
DA:128,1
DA:129,1
DA:131,2
DA:135,2
DA:137,2
DA:138,4
DA:139,2
DA:140,2
DA:141,2
DA:142,2
DA:143,0
DA:144,0
DA:145,2
DA:146,0
DA:148,2
DA:149,2
DA:150,2
DA:151,2
DA:153,2
DA:154,2
DA:155,2
DA:156,2
DA:158,6
DA:159,2
DA:160,2
DA:161,6
DA:162,6
DA:164,0
DA:165,0
DA:166,0
DA:168,2
LF:85
LH:75
end_of_record
SF:lib/feature/rank/rank_tab.dart
DA:15,2
DA:21,3
DA:23,6
DA:24,5
DA:26,6
DA:27,3
DA:28,3
DA:29,3
LF:8
LH:8
end_of_record
